C51 COMPILER V9.60.0.0   BUZZ                                                              04/21/2023 13:03:52 PAGE 1   


C51 COMPILER V9.60.0.0, COMPILATION OF MODULE BUZZ
OBJECT MODULE PLACED IN .\OBJ\buzz.obj
COMPILER INVOKED BY: C:\Keil_v5\C51\BIN\C51.EXE Library\src\buzz.c LARGE OMF2 WARNINGLEVEL(1) OPTIMIZE(8,SPEED) INCDIR(.
                    -\Library\inc;.\USER) PRINT(.\buzz.lst) TABS(2) OBJECT(.\OBJ\buzz.obj)

line level    source

   1          #include "buzz.h"
   2          #include "delay.h"
   3          
   4          void Buzz_Times(unsigned char times)
   5          {
   6   1        unsigned char i=0;
   7   1        for(i=0;i<times;i++)
   8   1        {
   9   2           buzz=0;
  10   2           Delay_Ms(200);
  11   2           buzz=1;
  12   2           Delay_Ms(200);
  13   2        }
  14   1      }


MODULE INFORMATION:   STATIC OVERLAYABLE
   CODE SIZE        =     47    ----
   CONSTANT SIZE    =   ----    ----
   XDATA SIZE       =   ----       2
   PDATA SIZE       =   ----    ----
   DATA SIZE        =   ----    ----
   IDATA SIZE       =   ----    ----
   BIT SIZE         =   ----    ----
   EDATA SIZE       =   ----    ----
   HDATA SIZE       =   ----    ----
   XDATA CONST SIZE =   ----    ----
   FAR CONST SIZE   =   ----    ----
END OF MODULE INFORMATION.


C51 COMPILATION COMPLETE.  0 WARNING(S),  0 ERROR(S)
