C51 COMPILER V9.60.0.0   HX711                                                             04/21/2023 13:03:52 PAGE 1   


C51 COMPILER V9.60.0.0, COMPILATION OF MODULE HX711
OBJECT MODULE PLACED IN .\OBJ\HX711.obj
COMPILER INVOKED BY: C:\Keil_v5\C51\BIN\C51.EXE Library\src\HX711.c LARGE OMF2 WARNINGLEVEL(1) OPTIMIZE(8,SPEED) INCDIR(
                    -.\Library\inc;.\USER) PRINT(.\HX711.lst) TABS(2) OBJECT(.\OBJ\HX711.obj)

line level    source

   1          #include "HX711.h"
   2          
   3          
   4          uint GapValue = 182; //重量系数
   5          
   6          //****************************************************
   7          //延时函数
   8          //****************************************************
   9          void Delay__hx711_us(void)
  10          {
  11   1        _nop_();_nop_();_nop_();_nop_();
  12   1        _nop_();_nop_();_nop_();_nop_();
  13   1        _nop_();_nop_();_nop_();_nop_();
  14   1        _nop_();_nop_();_nop_();_nop_();
  15   1      }
  16          
  17          //****************************************************
  18          //读取HX711 重量
  19          //****************************************************
  20          int HX711_Read(void)  //增益128
  21          {
  22   1        unsigned long count; 
  23   1        unsigned char i; 
  24   1          HX711_DOUT=1; 
  25   1        Delay__hx711_us();
  26   1          HX711_SCK=0; 
  27   1          count=0;
  28   1        EA = 1; 
  29   1          while(HX711_DOUT); 
  30   1        EA = 0;
  31   1          for(i=0;i<24;i++)
  32   1        { 
  33   2            HX711_SCK=1; 
  34   2            count=count<<1; 
  35   2          HX711_SCK=0; 
  36   2            if(HX711_DOUT)
  37   2            count++; 
  38   2        } 
  39   1        HX711_SCK=1; 
  40   1          count=count^0x800000;//第25个脉冲下降沿来时，转换数据
  41   1        Delay__hx711_us();
  42   1        HX711_SCK=0;  
  43   1        return  (count /2 /GapValue)  ;  //重量与读数比值为 400 左右
  44   1      }
  45          
  46          
  47          
  48          
  49          
  50          
  51          
  52          


C51 COMPILER V9.60.0.0   HX711                                                             04/21/2023 13:03:52 PAGE 2   

MODULE INFORMATION:   STATIC OVERLAYABLE
   CODE SIZE        =    198    ----
   CONSTANT SIZE    =   ----    ----
   XDATA SIZE       =      2       4
   PDATA SIZE       =   ----    ----
   DATA SIZE        =   ----    ----
   IDATA SIZE       =   ----    ----
   BIT SIZE         =   ----    ----
   EDATA SIZE       =   ----    ----
   HDATA SIZE       =   ----    ----
   XDATA CONST SIZE =   ----    ----
   FAR CONST SIZE   =   ----    ----
END OF MODULE INFORMATION.


C51 COMPILATION COMPLETE.  0 WARNING(S),  0 ERROR(S)
