C51 COMPILER V9.60.7.0   INT_IT                                                            04/21/2023 17:04:01 PAGE 1   


C51 COMPILER V9.60.7.0, COMPILATION OF MODULE INT_IT
OBJECT MODULE PLACED IN .\OBJ\int_it.obj
COMPILER INVOKED BY: C:\Keil_v5\C51\BIN\C51.EXE Library\src\int_it.c LARGE OMF2 WARNINGLEVEL(1) OPTIMIZE(8,SPEED) BROWSE
                    - INCDIR(.\Library\inc;.\USER) PRINT(.\int_it.lst) TABS(2) OBJECT(.\OBJ\int_it.obj)

line level    source

   1          
   2          /***************************************************************************************************    
   3          工程名称：  IRQ_ext
   4          功能描述：  按下按键S17，LED发光二极管加1
   5          硬件连接：  用8位杜邦线将J8与J13连接,用1位杜邦线将J7_S17与J9_2连接
   6          维护记录：  2011-8-22
   7          ***************************************************************************************************/
   8          
   9          #include "int_it.h"
  10          
  11          //main()
  12          //{
  13          //  IT0=1;       //下降沿触发
  14          //  EX0=1;       //开中断0
  15          //  EA=1;        //开总中断
  16          
  17            //IT1=1;       //下降沿触发
  18            //EX1=1;       //开中断1
  19            //EA=1;        //开总中断
  20          //
  21          //  while(1);    //等待中断产生，按下S17按键产生中断信号
  22          //}
  23          
  24          
  25          //**************************************************************************************************
  26          //外部中断0中断子程序
  27          //**************************************************************************************************
  28          void Int0(void) interrupt 0 
  29          {
  30   1      
  31   1      }
  32          
  33          //**************************************************************************************************
  34          //外部中断1中断子程序
  35          //**************************************************************************************************
  36          void Int1(void) interrupt 2
  37          {
  38   1      
  39   1      }
  40          


MODULE INFORMATION:   STATIC OVERLAYABLE
   CODE SIZE        =      8    ----
   CONSTANT SIZE    =   ----    ----
   XDATA SIZE       =   ----    ----
   PDATA SIZE       =   ----    ----
   DATA SIZE        =   ----    ----
   IDATA SIZE       =   ----    ----
   BIT SIZE         =   ----    ----
   EDATA SIZE       =   ----    ----
   HDATA SIZE       =   ----    ----
   XDATA CONST SIZE =   ----    ----
   FAR CONST SIZE   =   ----    ----
C51 COMPILER V9.60.7.0   INT_IT                                                            04/21/2023 17:04:01 PAGE 2   

END OF MODULE INFORMATION.


C51 COMPILATION COMPLETE.  0 WARNING(S),  0 ERROR(S)
