C51 COMPILER V9.60.7.0   IO_EXPAND                                                         04/21/2023 17:04:01 PAGE 1   


C51 COMPILER V9.60.7.0, COMPILATION OF MODULE IO_EXPAND
OBJECT MODULE PLACED IN .\OBJ\IO_expand.obj
COMPILER INVOKED BY: C:\Keil_v5\C51\BIN\C51.EXE Library\src\IO_expand.c LARGE OMF2 WARNINGLEVEL(1) OPTIMIZE(8,SPEED) BRO
                    -WSE INCDIR(.\Library\inc;.\USER) PRINT(.\IO_expand.lst) TABS(2) OBJECT(.\OBJ\IO_expand.obj)

line level    source

   1          #include "IO_expand.h"
   2          //**************************************************************************************************
   3          //向74HC595写一字节数据
   4          //**************************************************************************************************
   5          void wbyte_595(uchar temp)               
   6           {
   7   1           uchar i;                      //定义循环变量
   8   1           ST_CP=0;                      //置为低电平
   9   1           for(i=0;i<8;i++)              //循环8次，写入1字节
  10   1            {
  11   2             SH_CP=0;                    //时钟置为低电平
  12   2             if((temp & 0x80)!=0)  DS=1; //如果最高位为1，发送数据1
  13   2               else DS=0;                //如果最高位为0，发送数据0
  14   2             SH_CP=1;                    //数据在SHcp的上升沿输入到移位寄存器中
  15   2             temp<<=1;                   //左移1位，准备写入下1位数据
  16   2            }
  17   1          ST_CP=1;                       //上升沿时移位寄存器的数据进入数据存储寄存器
  18   1          delay(10);                     //延时
  19   1       }
  20          
  21          
  22          //**************************************************************************************************
  23          //138 低电平位置 0-7  大于7关闭
  24          //**************************************************************************************************
  25          void wbyte_138(uchar temp) 
  26          {
  27   1        if(temp>7){
  28   2          HC138_EN=0;
  29   2          return ;
  30   2        }
  31   1      
  32   1        HC138_EN=1;
  33   1        HC138_A = temp;    //最低位
  34   1        HC138_B = temp>>1;
  35   1        HC138_C = temp>>2;   //最高位
  36   1      
  37   1      }
  38          


MODULE INFORMATION:   STATIC OVERLAYABLE
   CODE SIZE        =     69    ----
   CONSTANT SIZE    =   ----    ----
   XDATA SIZE       =   ----    ----
   PDATA SIZE       =   ----    ----
   DATA SIZE        =   ----    ----
   IDATA SIZE       =   ----    ----
   BIT SIZE         =   ----    ----
   EDATA SIZE       =   ----    ----
   HDATA SIZE       =   ----    ----
   XDATA CONST SIZE =   ----    ----
   FAR CONST SIZE   =   ----    ----
END OF MODULE INFORMATION.


C51 COMPILATION COMPLETE.  0 WARNING(S),  0 ERROR(S)
