C51 COMPILER V9.60.0.0   MAIN                                                              04/21/2023 13:03:49 PAGE 1   


C51 COMPILER V9.60.0.0, COMPILATION OF MODULE MAIN
OBJECT MODULE PLACED IN .\OBJ\main.obj
COMPILER INVOKED BY: C:\Keil_v5\C51\BIN\C51.EXE USER\main.c LARGE OMF2 WARNINGLEVEL(1) OPTIMIZE(8,SPEED) INCDIR(.\Librar
                    -y\inc;.\USER) PRINT(.\main.lst) TABS(2) OBJECT(.\OBJ\main.obj)

line level    source

   1          #include "STC12C5A60S2.H"
   2          #include "main.h"
   3          
   4          void main(){
   5   1        int key_number;
   6   1        while(1){
   7   2          key_number=KeyScan();
   8   2        }
   9   1      }


MODULE INFORMATION:   STATIC OVERLAYABLE
   CODE SIZE        =     13    ----
   CONSTANT SIZE    =   ----    ----
   XDATA SIZE       =   ----       2
   PDATA SIZE       =   ----    ----
   DATA SIZE        =   ----    ----
   IDATA SIZE       =   ----    ----
   BIT SIZE         =   ----    ----
   EDATA SIZE       =   ----    ----
   HDATA SIZE       =   ----    ----
   XDATA CONST SIZE =   ----    ----
   FAR CONST SIZE   =   ----    ----
END OF MODULE INFORMATION.


C51 COMPILATION COMPLETE.  0 WARNING(S),  0 ERROR(S)
