C51 COMPILER V9.60.7.0   TIME                                                              04/21/2023 17:04:02 PAGE 1   


C51 COMPILER V9.60.7.0, COMPILATION OF MODULE TIME
OBJECT MODULE PLACED IN .\OBJ\time.obj
COMPILER INVOKED BY: C:\Keil_v5\C51\BIN\C51.EXE Library\src\time.c LARGE OMF2 WARNINGLEVEL(1) OPTIMIZE(8,SPEED) BROWSE I
                    -NCDIR(.\Library\inc;.\USER) PRINT(.\time.lst) TABS(2) OBJECT(.\OBJ\time.obj)

line level    source

   1          
   2          /***************************************************************************************************    
   3          工程名称：  timer
   4          功能描述：  定时器0实现1s定时，流水灯显示上的数据每秒加1
   5          硬件连接：  用8位杜邦线将J8与J13连接
   6          维护记录：  2011-8-22
   7          ***************************************************************************************************/
   8          #include "time.h"
   9          //*********************************************************************
  10          //定时器0初始化   16位 10ms中断   可作为PCA时钟源（PWM）
  11          //*********************************************************************
  12          void Timer0_init(void)
  13          {
  14   1        //AUXR = AUXR|0x80;  // T0, 1T Mode
  15   1        TMOD &= 0xF0;
  16   1        TMOD |= 0x01;     
  17   1        TH0  = (65535-10000)/256;   //10ms
  18   1        TL0  = (65535-10000)%256;
  19   1        ET1  = 1;  //开启中断
  20   1        TR0  = 1;       
  21   1      }
  22          
  23          //*********************************************************************
  24          //定时器1初始化  16位定时器 1ms 中断 //优先级3(最高)
  25          //*********************************************************************
  26          void Timer1_Init(void)
  27          {
  28   1        TMOD &= 0x0F;
  29   1          TMOD |= 0x10;
  30   1        //AUXR = AUXR|0x40;  // T1, 1T Mode
  31   1        TH0  = (65535-1000)/256;   //1ms
  32   1        TL0  = (65535-1000)%256;
  33   1        //IPH |= 1<<3; //优先级设置
  34   1        //IP  |= 1<<3; //00最低，11最高
  35   1          EA = 1;
  36   1          ET1 = 1;
  37   1          TR1 = 1;
  38   1      }
  39          
  40          //void main(void)
  41          //{
  42          //    InitTimer1();
  43          //}
  44          
  45          void Timer0Interrupt(void) interrupt 1
  46          {
  47   1        TH0  = (65535-10000)/256;   //10ms
  48   1        TL0  = (65535-10000)%256;
  49   1          //add your code here!
  50   1      }
  51          
  52          void Timer1Interrupt(void) interrupt 3
  53          {
  54   1        TH0  = (65535-1000)/256;   //1ms
C51 COMPILER V9.60.7.0   TIME                                                              04/21/2023 17:04:02 PAGE 2   

  55   1        TL0  = (65535-1000)%256;
  56   1          //add your code here!
  57   1      }
  58          
  59          


MODULE INFORMATION:   STATIC OVERLAYABLE
   CODE SIZE        =     56    ----
   CONSTANT SIZE    =   ----    ----
   XDATA SIZE       =   ----    ----
   PDATA SIZE       =   ----    ----
   DATA SIZE        =   ----    ----
   IDATA SIZE       =   ----    ----
   BIT SIZE         =   ----    ----
   EDATA SIZE       =   ----    ----
   HDATA SIZE       =   ----    ----
   XDATA CONST SIZE =   ----    ----
   FAR CONST SIZE   =   ----    ----
END OF MODULE INFORMATION.


C51 COMPILATION COMPLETE.  0 WARNING(S),  0 ERROR(S)
