C51 COMPILER V9.60.0.0   ROTARY_ENCODER                                                    03/10/2022 00:19:07 PAGE 1   


C51 COMPILER V9.60.0.0, COMPILATION OF MODULE ROTARY_ENCODER
OBJECT MODULE PLACED IN .\build\Target 1\Ðý×ª±àÂëÆ÷\Rotary_Encoder.o
COMPILER INVOKED BY: C:\Keil_v5\C51\BIN\C51.exe .\Ðý×ª±àÂëÆ÷\ROTARY_ENCODER.C PRINT(.\build\Target 1\Ðý×ª±àÂëÆ÷\Rotary_E
                    -ncoder.lst) OMF2 TABS(4) CODE NOCOND SYMBOLS OPTIMIZE(8,SPEED) SMALL ROM(LARGE) INCDIR(.\null\INC\Atmel;.\0.96¡®OLED-SPI
                    -;.\0.96¡®OLED-SPI\BMP;.\USER;.\delay;.\°´¼ü;.\BMEBMP280;.\IIC;.\GPS;.\SPI;.\Ðý×ª±àÂëÆ÷;.\1.54'TFT;.\..\..\..\..\..\Keil_
                    -v5\C51\INC) DEFINE(__UVISION_VERSION=526) OBJECT(.\build\Target 1\Ðý×ª±àÂëÆ÷\Rotary_Encoder.o)

line level    source

C51 COMPILER V9.60.0.0   ROTARY_ENCODER                                                    03/10/2022 00:19:07 PAGE 2   

ASSEMBLY LISTING OF GENERATED OBJECT CODE


C51 COMPILER V9.60.0.0   ROTARY_ENCODER                                                    03/10/2022 00:19:07 PAGE 3   

NAME                                    CLASS   MSPACE  TYPE    OFFSET  SIZE
====                                    =====   ======  ====    ======  ====




MODULE INFORMATION:   STATIC OVERLAYABLE
   CODE SIZE        =   ----    ----
   CONSTANT SIZE    =   ----    ----
   XDATA SIZE       =   ----    ----
   PDATA SIZE       =   ----    ----
   DATA SIZE        =   ----    ----
   IDATA SIZE       =   ----    ----
   BIT SIZE         =   ----    ----
   EDATA SIZE       =   ----    ----
   HDATA SIZE       =   ----    ----
   XDATA CONST SIZE =   ----    ----
   FAR CONST SIZE   =   ----    ----
END OF MODULE INFORMATION.


C51 COMPILATION COMPLETE.  0 WARNING(S),  0 ERROR(S)
