C51 COMPILER V9.60.0.0   IIC                                                               03/10/2022 00:19:06 PAGE 1   


C51 COMPILER V9.60.0.0, COMPILATION OF MODULE IIC
OBJECT MODULE PLACED IN .\build\Target 1\IIC\iic.o
COMPILER INVOKED BY: C:\Keil_v5\C51\BIN\C51.exe .\IIC\IIC.C PRINT(.\build\Target 1\IIC\iic.lst) OMF2 TABS(4) CODE NOCOND
                    - SYMBOLS OPTIMIZE(8,SPEED) SMALL ROM(LARGE) INCDIR(.\null\INC\Atmel;.\0.96¡®OLED-SPI;.\0.96¡®OLED-SPI\BMP;.\USER;.\delay
                    -;.\°´¼ü;.\BMEBMP280;.\IIC;.\GPS;.\SPI;.\Ðý×ª±àÂëÆ÷;.\1.54'TFT;.\..\..\..\..\..\Keil_v5\C51\INC) DEFINE(__UVISION_VERSION
                    -=526) OBJECT(.\build\Target 1\IIC\iic.o)

line level    source

   1          #include "iic.h"
   2          
   3          
   4          void iic_start()   
   5          {
   6   1        SDA=1;
   7   1        SCL=1;
   8   1        Delay5us();
   9   1        SDA=0;
  10   1        Delay5us();
  11   1        SCL=0;
  12   1      }
  13          
  14          void iic_stop()  
  15          {
  16   1        SDA=0;
  17   1        SCL=1;
  18   1        Delay5us();
  19   1        SDA=1;
  20   1        Delay5us();
  21   1        SCL=0;
  22   1      }
  23          
  24          void iic_ack()   
  25          {
  26   1        uchar i=0;
  27   1        SCL=1;
  28   1        Delay5us();
  29   1        while((SDA==1) && (i<255))
  30   1                  i++;
  31   1          SCL=0;
  32   1          Delay5us();
  33   1      }
  34          
  35          void iic_send_byte(uchar bat)  
  36          {
  37   1        uchar i,temp;
  38   1        temp=bat;
  39   1        for(i=0;i<=7;i++)
  40   1        {
  41   2          temp=temp<<1;
  42   2          SCL=0;
  43   2          SDA=CY;
  44   2          Delay5us();
  45   2          SCL=1;
  46   2          Delay5us();
  47   2        }
  48   1        SCL=0;
  49   1        Delay5us();
  50   1        SDA=1;
  51   1        Delay5us();
  52   1      }
C51 COMPILER V9.60.0.0   IIC                                                               03/10/2022 00:19:06 PAGE 2   

  53          
  54          unsigned char iic_rev()  
  55          {
  56   1        uchar temp,i;
  57   1        SCL=0;
  58   1        Delay5us();
  59   1        SDA=1;
  60   1        for(i=0;i<=7;i++)
  61   1        {
  62   2         SCL=1;
  63   2         Delay5us();
  64   2         temp=(temp<<1)|SDA;
  65   2         SCL=0;
  66   2         Delay5us();
  67   2        }
  68   1        Delay5us();
  69   1        return temp;
  70   1      }
C51 COMPILER V9.60.0.0   IIC                                                               03/10/2022 00:19:06 PAGE 3   

ASSEMBLY LISTING OF GENERATED OBJECT CODE


             ; FUNCTION iic_start (BEGIN)
                                           ; SOURCE LINE # 4
                                           ; SOURCE LINE # 5
                                           ; SOURCE LINE # 6
0000 D290              SETB    SDA
                                           ; SOURCE LINE # 7
0002 D291              SETB    SCL
                                           ; SOURCE LINE # 8
0004 120000      E     LCALL   Delay5us
                                           ; SOURCE LINE # 9
0007 C290              CLR     SDA
                                           ; SOURCE LINE # 10
0009 120000      E     LCALL   Delay5us
                                           ; SOURCE LINE # 11
000C C291              CLR     SCL
                                           ; SOURCE LINE # 12
000E 22                RET     
             ; FUNCTION iic_start (END)

             ; FUNCTION iic_stop (BEGIN)
                                           ; SOURCE LINE # 14
                                           ; SOURCE LINE # 15
                                           ; SOURCE LINE # 16
0000 C290              CLR     SDA
                                           ; SOURCE LINE # 17
0002 D291              SETB    SCL
                                           ; SOURCE LINE # 18
0004 120000      E     LCALL   Delay5us
                                           ; SOURCE LINE # 19
0007 D290              SETB    SDA
                                           ; SOURCE LINE # 20
0009 120000      E     LCALL   Delay5us
                                           ; SOURCE LINE # 21
000C C291              CLR     SCL
                                           ; SOURCE LINE # 22
000E 22                RET     
             ; FUNCTION iic_stop (END)

             ; FUNCTION iic_ack (BEGIN)
                                           ; SOURCE LINE # 24
                                           ; SOURCE LINE # 25
                                           ; SOURCE LINE # 26
0000 E4                CLR     A
0001 F500        R     MOV     i,A
                                           ; SOURCE LINE # 27
0003 D291              SETB    SCL
                                           ; SOURCE LINE # 28
0005 120000      E     LCALL   Delay5us
0008         ?C0003:
                                           ; SOURCE LINE # 29
0008 30900F            JNB     SDA,?C0004
000B C3                CLR     C
000C E500        R     MOV     A,i
000E 94FF              SUBB    A,#0FFH
0010 7480              MOV     A,#080H
0012 9480              SUBB    A,#080H
0014 5004              JNC     ?C0004
                                           ; SOURCE LINE # 30
0016 0500        R     INC     i
C51 COMPILER V9.60.0.0   IIC                                                               03/10/2022 00:19:06 PAGE 4   

0018 80EE              SJMP    ?C0003
001A         ?C0004:
                                           ; SOURCE LINE # 31
001A C291              CLR     SCL
                                           ; SOURCE LINE # 32
001C 020000      E     LJMP    Delay5us
             ; FUNCTION iic_ack (END)

             ; FUNCTION _iic_send_byte (BEGIN)
                                           ; SOURCE LINE # 35
;---- Variable 'bat' assigned to Register 'R7' ----
                                           ; SOURCE LINE # 36
                                           ; SOURCE LINE # 38
0000 8F00        R     MOV     temp,R7
                                           ; SOURCE LINE # 39
0002 E4                CLR     A
0003 F500        R     MOV     i,A
0005         ?C0006:
0005 D3                SETB    C
0006 E500        R     MOV     A,i
0008 9407              SUBB    A,#07H
000A 7480              MOV     A,#080H
000C 9480              SUBB    A,#080H
000E 5016              JNC     ?C0007
                                           ; SOURCE LINE # 40
                                           ; SOURCE LINE # 41
0010 E500        R     MOV     A,temp
0012 25E0              ADD     A,ACC
0014 F500        R     MOV     temp,A
                                           ; SOURCE LINE # 42
0016 C291              CLR     SCL
                                           ; SOURCE LINE # 43
0018 9290              MOV     SDA,C
                                           ; SOURCE LINE # 44
001A 120000      E     LCALL   Delay5us
                                           ; SOURCE LINE # 45
001D D291              SETB    SCL
                                           ; SOURCE LINE # 46
001F 120000      E     LCALL   Delay5us
                                           ; SOURCE LINE # 47
0022 0500        R     INC     i
0024 80DF              SJMP    ?C0006
0026         ?C0007:
                                           ; SOURCE LINE # 48
0026 C291              CLR     SCL
                                           ; SOURCE LINE # 49
0028 120000      E     LCALL   Delay5us
                                           ; SOURCE LINE # 50
002B D290              SETB    SDA
                                           ; SOURCE LINE # 51
002D 020000      E     LJMP    Delay5us
             ; FUNCTION _iic_send_byte (END)

             ; FUNCTION iic_rev (BEGIN)
                                           ; SOURCE LINE # 54
                                           ; SOURCE LINE # 55
                                           ; SOURCE LINE # 57
0000 C291              CLR     SCL
                                           ; SOURCE LINE # 58
0002 120000      E     LCALL   Delay5us
                                           ; SOURCE LINE # 59
0005 D290              SETB    SDA
C51 COMPILER V9.60.0.0   IIC                                                               03/10/2022 00:19:06 PAGE 5   

                                           ; SOURCE LINE # 60
0007 E4                CLR     A
0008 F500        R     MOV     i,A
000A         ?C0010:
000A D3                SETB    C
000B E500        R     MOV     A,i
000D 9407              SUBB    A,#07H
000F 7480              MOV     A,#080H
0011 9480              SUBB    A,#080H
0013 501A              JNC     ?C0011
                                           ; SOURCE LINE # 61
                                           ; SOURCE LINE # 62
0015 D291              SETB    SCL
                                           ; SOURCE LINE # 63
0017 120000      E     LCALL   Delay5us
                                           ; SOURCE LINE # 64
001A E500        R     MOV     A,temp
001C 25E0              ADD     A,ACC
001E FF                MOV     R7,A
001F A290              MOV     C,SDA
0021 E4                CLR     A
0022 33                RLC     A
0023 4F                ORL     A,R7
0024 F500        R     MOV     temp,A
                                           ; SOURCE LINE # 65
0026 C291              CLR     SCL
                                           ; SOURCE LINE # 66
0028 120000      E     LCALL   Delay5us
                                           ; SOURCE LINE # 67
002B 0500        R     INC     i
002D 80DB              SJMP    ?C0010
002F         ?C0011:
                                           ; SOURCE LINE # 68
002F 120000      E     LCALL   Delay5us
                                           ; SOURCE LINE # 69
0032 AF00        R     MOV     R7,temp
                                           ; SOURCE LINE # 70
0034 22                RET     
             ; FUNCTION iic_rev (END)

C51 COMPILER V9.60.0.0   IIC                                                               03/10/2022 00:19:06 PAGE 6   

NAME                                    CLASS   MSPACE  TYPE    OFFSET  SIZE
====                                    =====   ======  ====    ======  ====


P0 . . . . . . . . . . . . . . . . . .  SFR      DATA   U_CHAR   0080H  1
P1 . . . . . . . . . . . . . . . . . .  SFR      DATA   U_CHAR   0090H  1
P2 . . . . . . . . . . . . . . . . . .  SFR      DATA   U_CHAR   00A0H  1
P3 . . . . . . . . . . . . . . . . . .  SFR      DATA   U_CHAR   00B0H  1
T0 . . . . . . . . . . . . . . . . . .  ABSBIT   -----  BIT      00B4H  1
AC . . . . . . . . . . . . . . . . . .  ABSBIT   -----  BIT      00D6H  1
T1 . . . . . . . . . . . . . . . . . .  ABSBIT   -----  BIT      00B5H  1
T2 . . . . . . . . . . . . . . . . . .  ABSBIT   -----  BIT      0090H  1
EA . . . . . . . . . . . . . . . . . .  ABSBIT   -----  BIT      00AFH  1
IE . . . . . . . . . . . . . . . . . .  SFR      DATA   U_CHAR   00A8H  1
Delay5us . . . . . . . . . . . . . . .  EXTERN   CODE   PROC     -----  -----
EXF2 . . . . . . . . . . . . . . . . .  ABSBIT   -----  BIT      00CEH  1
RD . . . . . . . . . . . . . . . . . .  ABSBIT   -----  BIT      00B7H  1
ES . . . . . . . . . . . . . . . . . .  ABSBIT   -----  BIT      00ACH  1
IP . . . . . . . . . . . . . . . . . .  SFR      DATA   U_CHAR   00B8H  1
RI . . . . . . . . . . . . . . . . . .  ABSBIT   -----  BIT      0098H  1
INT0 . . . . . . . . . . . . . . . . .  ABSBIT   -----  BIT      00B2H  1
CY . . . . . . . . . . . . . . . . . .  ABSBIT   -----  BIT      00D7H  1
TI . . . . . . . . . . . . . . . . . .  ABSBIT   -----  BIT      0099H  1
INT1 . . . . . . . . . . . . . . . . .  ABSBIT   -----  BIT      00B3H  1
RCAP2H . . . . . . . . . . . . . . . .  SFR      DATA   U_CHAR   00CBH  1
PS . . . . . . . . . . . . . . . . . .  ABSBIT   -----  BIT      00BCH  1
SP . . . . . . . . . . . . . . . . . .  SFR      DATA   U_CHAR   0081H  1
T2EX . . . . . . . . . . . . . . . . .  ABSBIT   -----  BIT      0091H  1
OV . . . . . . . . . . . . . . . . . .  ABSBIT   -----  BIT      00D2H  1
RCAP2L . . . . . . . . . . . . . . . .  SFR      DATA   U_CHAR   00CAH  1
C_T2 . . . . . . . . . . . . . . . . .  ABSBIT   -----  BIT      00C9H  1
WR . . . . . . . . . . . . . . . . . .  ABSBIT   -----  BIT      00B6H  1
RCLK . . . . . . . . . . . . . . . . .  ABSBIT   -----  BIT      00CDH  1
TCLK . . . . . . . . . . . . . . . . .  ABSBIT   -----  BIT      00CCH  1
SBUF . . . . . . . . . . . . . . . . .  SFR      DATA   U_CHAR   0099H  1
PCON . . . . . . . . . . . . . . . . .  SFR      DATA   U_CHAR   0087H  1
SCON . . . . . . . . . . . . . . . . .  SFR      DATA   U_CHAR   0098H  1
TMOD . . . . . . . . . . . . . . . . .  SFR      DATA   U_CHAR   0089H  1
TCON . . . . . . . . . . . . . . . . .  SFR      DATA   U_CHAR   0088H  1
IE0. . . . . . . . . . . . . . . . . .  ABSBIT   -----  BIT      0089H  1
IE1. . . . . . . . . . . . . . . . . .  ABSBIT   -----  BIT      008BH  1
B. . . . . . . . . . . . . . . . . . .  SFR      DATA   U_CHAR   00F0H  1
CP_RL2 . . . . . . . . . . . . . . . .  ABSBIT   -----  BIT      00C8H  1
iic_ack. . . . . . . . . . . . . . . .  PUBLIC   CODE   PROC     0000H  -----
  i. . . . . . . . . . . . . . . . . .  AUTO     DATA   U_CHAR   0000H  1
ACC. . . . . . . . . . . . . . . . . .  SFR      DATA   U_CHAR   00E0H  1
iic_start. . . . . . . . . . . . . . .  PUBLIC   CODE   PROC     0000H  -----
ET0. . . . . . . . . . . . . . . . . .  ABSBIT   -----  BIT      00A9H  1
ET1. . . . . . . . . . . . . . . . . .  ABSBIT   -----  BIT      00ABH  1
TF0. . . . . . . . . . . . . . . . . .  ABSBIT   -----  BIT      008DH  1
ET2. . . . . . . . . . . . . . . . . .  ABSBIT   -----  BIT      00ADH  1
TF1. . . . . . . . . . . . . . . . . .  ABSBIT   -----  BIT      008FH  1
TF2. . . . . . . . . . . . . . . . . .  ABSBIT   -----  BIT      00CFH  1
RB8. . . . . . . . . . . . . . . . . .  ABSBIT   -----  BIT      009AH  1
TH0. . . . . . . . . . . . . . . . . .  SFR      DATA   U_CHAR   008CH  1
EX0. . . . . . . . . . . . . . . . . .  ABSBIT   -----  BIT      00A8H  1
IT0. . . . . . . . . . . . . . . . . .  ABSBIT   -----  BIT      0088H  1
TH1. . . . . . . . . . . . . . . . . .  SFR      DATA   U_CHAR   008DH  1
TB8. . . . . . . . . . . . . . . . . .  ABSBIT   -----  BIT      009BH  1
EX1. . . . . . . . . . . . . . . . . .  ABSBIT   -----  BIT      00AAH  1
IT1. . . . . . . . . . . . . . . . . .  ABSBIT   -----  BIT      008AH  1
C51 COMPILER V9.60.0.0   IIC                                                               03/10/2022 00:19:06 PAGE 7   

NAME                                    CLASS   MSPACE  TYPE    OFFSET  SIZE
====                                    =====   ======  ====    ======  ====


TH2. . . . . . . . . . . . . . . . . .  SFR      DATA   U_CHAR   00CDH  1
P. . . . . . . . . . . . . . . . . . .  ABSBIT   -----  BIT      00D0H  1
SM0. . . . . . . . . . . . . . . . . .  ABSBIT   -----  BIT      009FH  1
TL0. . . . . . . . . . . . . . . . . .  SFR      DATA   U_CHAR   008AH  1
SM1. . . . . . . . . . . . . . . . . .  ABSBIT   -----  BIT      009EH  1
TL1. . . . . . . . . . . . . . . . . .  SFR      DATA   U_CHAR   008BH  1
SM2. . . . . . . . . . . . . . . . . .  ABSBIT   -----  BIT      009DH  1
TL2. . . . . . . . . . . . . . . . . .  SFR      DATA   U_CHAR   00CCH  1
PT0. . . . . . . . . . . . . . . . . .  ABSBIT   -----  BIT      00B9H  1
PT1. . . . . . . . . . . . . . . . . .  ABSBIT   -----  BIT      00BBH  1
RS0. . . . . . . . . . . . . . . . . .  ABSBIT   -----  BIT      00D3H  1
PT2. . . . . . . . . . . . . . . . . .  ABSBIT   -----  BIT      00BDH  1
TR0. . . . . . . . . . . . . . . . . .  ABSBIT   -----  BIT      008CH  1
RS1. . . . . . . . . . . . . . . . . .  ABSBIT   -----  BIT      00D4H  1
TR1. . . . . . . . . . . . . . . . . .  ABSBIT   -----  BIT      008EH  1
SDA. . . . . . . . . . . . . . . . . .  ABSBIT   -----  BIT      0090H  1
TR2. . . . . . . . . . . . . . . . . .  ABSBIT   -----  BIT      00CAH  1
PX0. . . . . . . . . . . . . . . . . .  ABSBIT   -----  BIT      00B8H  1
PX1. . . . . . . . . . . . . . . . . .  ABSBIT   -----  BIT      00BAH  1
_iic_send_byte . . . . . . . . . . . .  PUBLIC   CODE   PROC     0000H  -----
  bat. . . . . . . . . . . . . . . . .  * REG *  DATA   U_CHAR   0007H  1
  i. . . . . . . . . . . . . . . . . .  AUTO     DATA   U_CHAR   0000H  1
  temp . . . . . . . . . . . . . . . .  AUTO     DATA   U_CHAR   0001H  1
DPH. . . . . . . . . . . . . . . . . .  SFR      DATA   U_CHAR   0083H  1
iic_stop . . . . . . . . . . . . . . .  PUBLIC   CODE   PROC     0000H  -----
DPL. . . . . . . . . . . . . . . . . .  SFR      DATA   U_CHAR   0082H  1
SCL. . . . . . . . . . . . . . . . . .  ABSBIT   -----  BIT      0091H  1
EXEN2. . . . . . . . . . . . . . . . .  ABSBIT   -----  BIT      00CBH  1
iic_rev. . . . . . . . . . . . . . . .  PUBLIC   CODE   PROC     0000H  -----
  temp . . . . . . . . . . . . . . . .  AUTO     DATA   U_CHAR   0000H  1
  i. . . . . . . . . . . . . . . . . .  AUTO     DATA   U_CHAR   0001H  1
REN. . . . . . . . . . . . . . . . . .  ABSBIT   -----  BIT      009CH  1
T2CON. . . . . . . . . . . . . . . . .  SFR      DATA   U_CHAR   00C8H  1
RXD. . . . . . . . . . . . . . . . . .  ABSBIT   -----  BIT      00B0H  1
TXD. . . . . . . . . . . . . . . . . .  ABSBIT   -----  BIT      00B1H  1
F0 . . . . . . . . . . . . . . . . . .  ABSBIT   -----  BIT      00D5H  1
PSW. . . . . . . . . . . . . . . . . .  SFR      DATA   U_CHAR   00D0H  1


MODULE INFORMATION:   STATIC OVERLAYABLE
   CODE SIZE        =    162    ----
   CONSTANT SIZE    =   ----    ----
   XDATA SIZE       =   ----    ----
   PDATA SIZE       =   ----    ----
   DATA SIZE        =   ----       5
   IDATA SIZE       =   ----    ----
   BIT SIZE         =   ----    ----
   EDATA SIZE       =   ----    ----
   HDATA SIZE       =   ----    ----
   XDATA CONST SIZE =   ----    ----
   FAR CONST SIZE   =   ----    ----
END OF MODULE INFORMATION.


C51 COMPILATION COMPLETE.  0 WARNING(S),  0 ERROR(S)
