C51 COMPILER V9.60.0.0   MAIN                                                              03/10/2022 12:54:21 PAGE 1   


C51 COMPILER V9.60.0.0, COMPILATION OF MODULE MAIN
OBJECT MODULE PLACED IN .\Objects\main.obj
COMPILER INVOKED BY: C:\Keil_v5\C51\BIN\C51.EXE USER\main.c LARGE RTX51 OPTIMIZE(8,SPEED) BROWSE INCDIR(.\0.96OLED-SPI
                    -;.\0.96OLED-SPI\BMP;.\USER;.\delay;.\;.\BMEBMP280;.\IIC;.\GPS;.\SPI;.\ת;.\1.54'TFT) DEBUG OBJECTEXTEND PR
                    -INT(.\Listings\main.lst) TABS(2) OBJECT(.\Objects\main.obj)

line level    source

   1          /*
   2            用0.96寸OLED显示屏显了GPS模块得到的时间
   3            使用了一个按键用来切换OLED显示屏的不同界面
   4            用一块TFT彩屏显示了一张图片
   5            编写时间：2022-3-10
   6          */
   7          #include "config.h"
   8          
   9          void main()
  10          {
  11   1        OLED_Init();
  12   1        OLED_Clear();
  13   1        OLED_DrawBMP(0,0,128,8,(unsigned char *)Apple_Logo);//开机动画-苹果logo
  14   1        Lcd_Init(); 
  15   1        LCD_Clear(BLACK);
  16   1        LCD_ShowPicture(0,0,160,80,(unsigned char *)gImage_NASA);
  17   1        Init_BMP280();
  18   1        bmp280Convert();
  19   1        Uart_Init();
  20   1        Delay10ms();
  21   1        while(1)
  22   1        {
  23   2          GUI_MainFuction();
  24   2          //LCD_ShowPicture(0,0,160,80,(unsigned char *)gImage_WXJB);
  25   2        }
  26   1      }
  27          


MODULE INFORMATION:   STATIC OVERLAYABLE
   CODE SIZE        =     91    ----
   CONSTANT SIZE    =   ----    ----
   XDATA SIZE       =   ----    ----
   PDATA SIZE       =   ----    ----
   DATA SIZE        =   ----    ----
   IDATA SIZE       =   ----    ----
   BIT SIZE         =   ----    ----
END OF MODULE INFORMATION.


C51 COMPILATION COMPLETE.  0 WARNING(S),  0 ERROR(S)
