C51 COMPILER V9.60.0.0   ROTARY_ENCODER                                                    03/11/2022 13:49:23 PAGE 1   


C51 COMPILER V9.60.0.0, COMPILATION OF MODULE ROTARY_ENCODER
OBJECT MODULE PLACED IN .\build\Target 1\Library\src\Rotary_Encoder.o
COMPILER INVOKED BY: C:\Keil_v5\C51\BIN\C51.exe .\LIBRARY\SRC\ROTARY_ENCODER.C PRINT(.\build\Target 1\Library\src\Rotary
                    -_Encoder.lst) OMF2 TABS(4) CODE NOCOND SYMBOLS OPTIMIZE(8,SPEED) SMALL ROM(LARGE) INCDIR(.\..\..\..\..\..\Keil_v5\C51\IN
                    -C\Atmel;.\Library\inc;.\..\..\..\..\..\Keil_v5\C51\INC) DEFINE(__UVISION_VERSION=526) OBJECT(.\build\Target 1\Library\sr
                    -c\Rotary_Encoder.o)

line level    source

C51 COMPILER V9.60.0.0   ROTARY_ENCODER                                                    03/11/2022 13:49:23 PAGE 2   

ASSEMBLY LISTING OF GENERATED OBJECT CODE


C51 COMPILER V9.60.0.0   ROTARY_ENCODER                                                    03/11/2022 13:49:23 PAGE 3   

NAME                                    CLASS   MSPACE  TYPE    OFFSET  SIZE
====                                    =====   ======  ====    ======  ====




MODULE INFORMATION:   STATIC OVERLAYABLE
   CODE SIZE        =   ----    ----
   CONSTANT SIZE    =   ----    ----
   XDATA SIZE       =   ----    ----
   PDATA SIZE       =   ----    ----
   DATA SIZE        =   ----    ----
   IDATA SIZE       =   ----    ----
   BIT SIZE         =   ----    ----
   EDATA SIZE       =   ----    ----
   HDATA SIZE       =   ----    ----
   XDATA CONST SIZE =   ----    ----
   FAR CONST SIZE   =   ----    ----
END OF MODULE INFORMATION.


C51 COMPILATION COMPLETE.  0 WARNING(S),  0 ERROR(S)
