C51 COMPILER V9.60.0.0   MAIN                                                              05/15/2022 03:36:09 PAGE 1   


C51 COMPILER V9.60.0.0, COMPILATION OF MODULE MAIN
OBJECT MODULE PLACED IN .\Objects\main.obj
COMPILER INVOKED BY: C:\Keil_v5\C51\BIN\C51.EXE user\main.c LARGE OMF2 RTX51 OPTIMIZE(8,SPEED) BROWSE INCDIR(.\libraries
                    -\inc;.\user) DEBUG PRINT(.\Listings\main.lst) TABS(2) OBJECT(.\Objects\main.obj)

line level    source

   1          #include "main.h"
   2          
   3          
   4          void main(){
   5   1        LCD_12864_Init();
   6   1        Hanzi_Disp(0,0,"杰宝祭天法力无边");
   7   1        Set_12864_Point(1,1,1);
   8   1        while(1){
   9   2          LCD_12864_DrawLine(0,10,0,100);
  10   2          
  11   2        }
  12   1      }


MODULE INFORMATION:   STATIC OVERLAYABLE
   CODE SIZE        =   2028    ----
   CONSTANT SIZE    =     49    ----
   XDATA SIZE       =   ----      58
   PDATA SIZE       =   ----    ----
   DATA SIZE        =   ----    ----
   IDATA SIZE       =   ----    ----
   BIT SIZE         =   ----    ----
   EDATA SIZE       =   ----    ----
   HDATA SIZE       =   ----    ----
   XDATA CONST SIZE =   ----    ----
   FAR CONST SIZE   =   ----    ----
END OF MODULE INFORMATION.


C51 COMPILATION COMPLETE.  0 WARNING(S),  0 ERROR(S)
