[2022-03-10 00:16:50]	[done]
	build successfully !

[2022-03-10 00:17:47]	[done]
	build successfully !

[2022-03-10 00:19:07]	[done]
	build successfully !

[2022-03-10 12:42:06]	compilation failed at : "c:\Users\ThinkPad\Desktop\89C51\1-工程案例\USER\main.c", exit code: 2
  at unify_builder.Program.Main (System.String[] args) [0x0187a] in <67d11e1b30504dd6babd321425698ba1>:0 
---
C51 COMPILER V9.60.0.0 - SN: K1DZC-EWTP2C
COPYRIGHT Copyright (C) 2012 - 2019 ARM Ltd and ARM Germany GmbH. All rights reserved.
*** ERROR C202 IN LINE 18 OF .\USER\MAIN.C: 'gImage_WXJB': undefined identifier
C51 COMPILATION COMPLETE.  0 WARNING(S),  1 ERROR(S)

[2022-03-10 12:42:31]	[done]
	build successfully !

[2022-03-10 12:48:33]	[done]
	build successfully !

[2022-03-10 12:51:11]	[done]
	build successfully !

[2022-03-10 12:51:42]	[done]
	build successfully !

[2022-03-10 12:52:14]	[done]
	build successfully !

