C51 COMPILER V9.60.0.0   MAIN                                                              03/10/2022 00:19:07 PAGE 1   


C51 COMPILER V9.60.0.0, COMPILATION OF MODULE MAIN
OBJECT MODULE PLACED IN .\build\Target 1\USER\main.o
COMPILER INVOKED BY: C:\Keil_v5\C51\BIN\C51.exe .\USER\MAIN.C PRINT(.\build\Target 1\USER\main.lst) OMF2 TABS(4) CODE NO
                    -COND SYMBOLS OPTIMIZE(8,SPEED) SMALL ROM(LARGE) INCDIR(.\null\INC\Atmel;.\0.96¡®OLED-SPI;.\0.96¡®OLED-SPI\BMP;.\USER;.\d
                    -elay;.\°´¼ü;.\BMEBMP280;.\IIC;.\GPS;.\SPI;.\Ðý×ª±àÂëÆ÷;.\1.54'TFT;.\..\..\..\..\..\Keil_v5\C51\INC) DEFINE(__UVISION_VER
                    -SION=526) OBJECT(.\build\Target 1\USER\main.o)

line level    source

   1          #include "config.h"
   2          
   3          void main()
   4          {
   5   1          OLED_Init();
   6   1          OLED_Clear();
   7   1          OLED_DrawBMP(0,0,128,8,(unsigned char *)Apple_Logo);
   8   1          Lcd_Init(); 
   9   1          LCD_Clear(BLACK);
  10   1          LCD_ShowPicture(0,0,160,80,(unsigned char *)gImage_NASA);
  11   1          Init_BMP280();
  12   1          bmp280Convert();
  13   1          Uart_Init();
  14   1          Delay10ms();
  15   1          while(1)
  16   1          {
  17   2              GUI_MainFuction();
  18   2              //LCD_ShowPicture(0,0,160,80,(unsigned char *)gImage_WXJB);
  19   2          }
  20   1      }
  21          
C51 COMPILER V9.60.0.0   MAIN                                                              03/10/2022 00:19:07 PAGE 2   

ASSEMBLY LISTING OF GENERATED OBJECT CODE


             ; FUNCTION main (BEGIN)
                                           ; SOURCE LINE # 3
                                           ; SOURCE LINE # 4
                                           ; SOURCE LINE # 5
0000 120000      E     LCALL   OLED_Init
                                           ; SOURCE LINE # 6
0003 120000      E     LCALL   OLED_Clear
                                           ; SOURCE LINE # 7
0006 750008      E     MOV     ?_OLED_DrawBMP?BYTE+03H,#08H
0009 7500FF      E     MOV     ?_OLED_DrawBMP?BYTE+04H,#0FFH
000C 750000      E     MOV     ?_OLED_DrawBMP?BYTE+05H,#HIGH Apple_Logo
000F 750000      E     MOV     ?_OLED_DrawBMP?BYTE+06H,#LOW Apple_Logo
0012 7B80              MOV     R3,#080H
0014 E4                CLR     A
0015 FD                MOV     R5,A
0016 FF                MOV     R7,A
0017 120000      E     LCALL   _OLED_DrawBMP
                                           ; SOURCE LINE # 8
001A 120000      E     LCALL   Lcd_Init
                                           ; SOURCE LINE # 9
001D E4                CLR     A
001E FF                MOV     R7,A
001F FE                MOV     R6,A
0020 120000      E     LCALL   _LCD_Clear
                                           ; SOURCE LINE # 10
0023 750000      E     MOV     ?_LCD_ShowPicture?BYTE+06H,#00H
0026 750050      E     MOV     ?_LCD_ShowPicture?BYTE+07H,#050H
0029 7500FF      E     MOV     ?_LCD_ShowPicture?BYTE+08H,#0FFH
002C 750000      E     MOV     ?_LCD_ShowPicture?BYTE+09H,#HIGH gImage_NASA
002F 750000      E     MOV     ?_LCD_ShowPicture?BYTE+0AH,#LOW gImage_NASA
0032 7BA0              MOV     R3,#0A0H
0034 7A00              MOV     R2,#00H
0036 E4                CLR     A
0037 FD                MOV     R5,A
0038 FC                MOV     R4,A
0039 FF                MOV     R7,A
003A FE                MOV     R6,A
003B 120000      E     LCALL   _LCD_ShowPicture
                                           ; SOURCE LINE # 11
003E 120000      E     LCALL   Init_BMP280
                                           ; SOURCE LINE # 12
0041 120000      E     LCALL   bmp280Convert
                                           ; SOURCE LINE # 13
0044 120000      E     LCALL   Uart_Init
                                           ; SOURCE LINE # 14
0047 120000      E     LCALL   Delay10ms
004A         ?C0001:
                                           ; SOURCE LINE # 15
                                           ; SOURCE LINE # 16
                                           ; SOURCE LINE # 17
004A 120000      E     LCALL   GUI_MainFuction
                                           ; SOURCE LINE # 19
004D 80FB              SJMP    ?C0001
             ; FUNCTION main (END)

C51 COMPILER V9.60.0.0   MAIN                                                              03/10/2022 00:19:07 PAGE 3   

NAME                                    CLASS   MSPACE  TYPE    OFFSET  SIZE
====                                    =====   ======  ====    ======  ====


uint16_t . . . . . . . . . . . . . . .  TYPEDEF  -----  U_INT    -----  2
OLED_RST . . . . . . . . . . . . . . .  ABSBIT   -----  BIT      00B5H  1
P0 . . . . . . . . . . . . . . . . . .  SFR      DATA   U_CHAR   0080H  1
P1 . . . . . . . . . . . . . . . . . .  SFR      DATA   U_CHAR   0090H  1
P2 . . . . . . . . . . . . . . . . . .  SFR      DATA   U_CHAR   00A0H  1
P3 . . . . . . . . . . . . . . . . . .  SFR      DATA   U_CHAR   00B0H  1
T0 . . . . . . . . . . . . . . . . . .  ABSBIT   -----  BIT      00B4H  1
AC . . . . . . . . . . . . . . . . . .  ABSBIT   -----  BIT      00D6H  1
T1 . . . . . . . . . . . . . . . . . .  ABSBIT   -----  BIT      00B5H  1
T2 . . . . . . . . . . . . . . . . . .  ABSBIT   -----  BIT      0090H  1
EA . . . . . . . . . . . . . . . . . .  ABSBIT   -----  BIT      00AFH  1
int32_t. . . . . . . . . . . . . . . .  TYPEDEF  -----  LONG     -----  4
int16_t. . . . . . . . . . . . . . . .  TYPEDEF  -----  INT      -----  2
Lcd_Init . . . . . . . . . . . . . . .  EXTERN   CODE   PROC     -----  -----
OLED_DC. . . . . . . . . . . . . . . .  ABSBIT   -----  BIT      00B4H  1
SaveData . . . . . . . . . . . . . . .  * TAG *  -----  STRUCT   -----  121
  GPS_Buffer . . . . . . . . . . . . .  MEMBER   -----  ARRAY    0000H  80
  isGetData. . . . . . . . . . . . . .  MEMBER   -----  CHAR     0050H  1
  isParseData. . . . . . . . . . . . .  MEMBER   -----  CHAR     0051H  1
  UTCTime. . . . . . . . . . . . . . .  MEMBER   -----  ARRAY    0052H  11
  latitude . . . . . . . . . . . . . .  MEMBER   -----  ARRAY    005DH  11
  N_S. . . . . . . . . . . . . . . . .  MEMBER   -----  ARRAY    0068H  2
  longitude. . . . . . . . . . . . . .  MEMBER   -----  ARRAY    006AH  12
  E_W. . . . . . . . . . . . . . . . .  MEMBER   -----  ARRAY    0076H  2
  isUsefull. . . . . . . . . . . . . .  MEMBER   -----  CHAR     0078H  1
IE . . . . . . . . . . . . . . . . . .  SFR      DATA   U_CHAR   00A8H  1
size_t . . . . . . . . . . . . . . . .  TYPEDEF  -----  U_INT    -----  2
Uart_Init. . . . . . . . . . . . . . .  EXTERN   CODE   PROC     -----  -----
EXF2 . . . . . . . . . . . . . . . . .  ABSBIT   -----  BIT      00CEH  1
RD . . . . . . . . . . . . . . . . . .  ABSBIT   -----  BIT      00B7H  1
ES . . . . . . . . . . . . . . . . . .  ABSBIT   -----  BIT      00ACH  1
IP . . . . . . . . . . . . . . . . . .  SFR      DATA   U_CHAR   00B8H  1
RI . . . . . . . . . . . . . . . . . .  ABSBIT   -----  BIT      0098H  1
OLED_Init. . . . . . . . . . . . . . .  EXTERN   CODE   PROC     -----  -----
OLED_CS. . . . . . . . . . . . . . . .  ABSBIT   -----  BIT      00B3H  1
INT0 . . . . . . . . . . . . . . . . .  ABSBIT   -----  BIT      00B2H  1
CY . . . . . . . . . . . . . . . . . .  ABSBIT   -----  BIT      00D7H  1
TI . . . . . . . . . . . . . . . . . .  ABSBIT   -----  BIT      0099H  1
INT1 . . . . . . . . . . . . . . . . .  ABSBIT   -----  BIT      00B3H  1
_LCD_Clear . . . . . . . . . . . . . .  EXTERN   CODE   PROC     -----  -----
RCAP2H . . . . . . . . . . . . . . . .  SFR      DATA   U_CHAR   00CBH  1
PS . . . . . . . . . . . . . . . . . .  ABSBIT   -----  BIT      00BCH  1
SP . . . . . . . . . . . . . . . . . .  SFR      DATA   U_CHAR   0081H  1
T2EX . . . . . . . . . . . . . . . . .  ABSBIT   -----  BIT      0091H  1
OV . . . . . . . . . . . . . . . . . .  ABSBIT   -----  BIT      00D2H  1
RCAP2L . . . . . . . . . . . . . . . .  SFR      DATA   U_CHAR   00CAH  1
main . . . . . . . . . . . . . . . . .  PUBLIC   CODE   PROC     0000H  -----
LCD_BLK_PIN_NUM. . . . . . . . . . . .  ABSBIT   -----  BIT      0092H  1
C_T2 . . . . . . . . . . . . . . . . .  ABSBIT   -----  BIT      00C9H  1
WR . . . . . . . . . . . . . . . . . .  ABSBIT   -----  BIT      00B6H  1
GUI_MainFuction. . . . . . . . . . . .  EXTERN   CODE   PROC     -----  -----
RCLK . . . . . . . . . . . . . . . . .  ABSBIT   -----  BIT      00CDH  1
TCLK . . . . . . . . . . . . . . . . .  ABSBIT   -----  BIT      00CCH  1
SBUF . . . . . . . . . . . . . . . . .  SFR      DATA   U_CHAR   0099H  1
PCON . . . . . . . . . . . . . . . . .  SFR      DATA   U_CHAR   0087H  1
SCON . . . . . . . . . . . . . . . . .  SFR      DATA   U_CHAR   0098H  1
Delay10ms. . . . . . . . . . . . . . .  EXTERN   CODE   PROC     -----  -----
C51 COMPILER V9.60.0.0   MAIN                                                              03/10/2022 00:19:07 PAGE 4   

NAME                                    CLASS   MSPACE  TYPE    OFFSET  SIZE
====                                    =====   ======  ====    ======  ====


OLED_SDIN. . . . . . . . . . . . . . .  ABSBIT   -----  BIT      00B6H  1
TMOD . . . . . . . . . . . . . . . . .  SFR      DATA   U_CHAR   0089H  1
TCON . . . . . . . . . . . . . . . . .  SFR      DATA   U_CHAR   0088H  1
_LCD_ShowPicture . . . . . . . . . . .  EXTERN   CODE   PROC     -----  -----
IE0. . . . . . . . . . . . . . . . . .  ABSBIT   -----  BIT      0089H  1
IE1. . . . . . . . . . . . . . . . . .  ABSBIT   -----  BIT      008BH  1
B. . . . . . . . . . . . . . . . . . .  SFR      DATA   U_CHAR   00F0H  1
bmp280Convert. . . . . . . . . . . . .  EXTERN   CODE   PROC     -----  -----
CP_RL2 . . . . . . . . . . . . . . . .  ABSBIT   -----  BIT      00C8H  1
ACC. . . . . . . . . . . . . . . . . .  SFR      DATA   U_CHAR   00E0H  1
LCD_RST_PIN_NUM. . . . . . . . . . . .  ABSBIT   -----  BIT      0095H  1
ET0. . . . . . . . . . . . . . . . . .  ABSBIT   -----  BIT      00A9H  1
ET1. . . . . . . . . . . . . . . . . .  ABSBIT   -----  BIT      00ABH  1
TF0. . . . . . . . . . . . . . . . . .  ABSBIT   -----  BIT      008DH  1
ET2. . . . . . . . . . . . . . . . . .  ABSBIT   -----  BIT      00ADH  1
TF1. . . . . . . . . . . . . . . . . .  ABSBIT   -----  BIT      008FH  1
TF2. . . . . . . . . . . . . . . . . .  ABSBIT   -----  BIT      00CFH  1
RB8. . . . . . . . . . . . . . . . . .  ABSBIT   -----  BIT      009AH  1
TH0. . . . . . . . . . . . . . . . . .  SFR      DATA   U_CHAR   008CH  1
EX0. . . . . . . . . . . . . . . . . .  ABSBIT   -----  BIT      00A8H  1
IT0. . . . . . . . . . . . . . . . . .  ABSBIT   -----  BIT      0088H  1
TH1. . . . . . . . . . . . . . . . . .  SFR      DATA   U_CHAR   008DH  1
TB8. . . . . . . . . . . . . . . . . .  ABSBIT   -----  BIT      009BH  1
EX1. . . . . . . . . . . . . . . . . .  ABSBIT   -----  BIT      00AAH  1
IT1. . . . . . . . . . . . . . . . . .  ABSBIT   -----  BIT      008AH  1
TH2. . . . . . . . . . . . . . . . . .  SFR      DATA   U_CHAR   00CDH  1
uint8_t. . . . . . . . . . . . . . . .  TYPEDEF  -----  U_CHAR   -----  1
P. . . . . . . . . . . . . . . . . . .  ABSBIT   -----  BIT      00D0H  1
SM0. . . . . . . . . . . . . . . . . .  ABSBIT   -----  BIT      009FH  1
TL0. . . . . . . . . . . . . . . . . .  SFR      DATA   U_CHAR   008AH  1
SM1. . . . . . . . . . . . . . . . . .  ABSBIT   -----  BIT      009EH  1
TL1. . . . . . . . . . . . . . . . . .  SFR      DATA   U_CHAR   008BH  1
gImage_NASA. . . . . . . . . . . . . .  EXTERN   CODE   ARRAY    -----  -----
SM2. . . . . . . . . . . . . . . . . .  ABSBIT   -----  BIT      009DH  1
TL2. . . . . . . . . . . . . . . . . .  SFR      DATA   U_CHAR   00CCH  1
PT0. . . . . . . . . . . . . . . . . .  ABSBIT   -----  BIT      00B9H  1
LCD_DC_PIN_NUM . . . . . . . . . . . .  ABSBIT   -----  BIT      0094H  1
PT1. . . . . . . . . . . . . . . . . .  ABSBIT   -----  BIT      00BBH  1
RS0. . . . . . . . . . . . . . . . . .  ABSBIT   -----  BIT      00D3H  1
LCD_CE_PIN_NUM . . . . . . . . . . . .  ABSBIT   -----  BIT      0093H  1
PT2. . . . . . . . . . . . . . . . . .  ABSBIT   -----  BIT      00BDH  1
TR0. . . . . . . . . . . . . . . . . .  ABSBIT   -----  BIT      008CH  1
RS1. . . . . . . . . . . . . . . . . .  ABSBIT   -----  BIT      00D4H  1
TR1. . . . . . . . . . . . . . . . . .  ABSBIT   -----  BIT      008EH  1
SDA. . . . . . . . . . . . . . . . . .  ABSBIT   -----  BIT      0090H  1
TR2. . . . . . . . . . . . . . . . . .  ABSBIT   -----  BIT      00CAH  1
PX0. . . . . . . . . . . . . . . . . .  ABSBIT   -----  BIT      00B8H  1
int8_t . . . . . . . . . . . . . . . .  TYPEDEF  -----  CHAR     -----  1
PX1. . . . . . . . . . . . . . . . . .  ABSBIT   -----  BIT      00BAH  1
DPH. . . . . . . . . . . . . . . . . .  SFR      DATA   U_CHAR   0083H  1
DPL. . . . . . . . . . . . . . . . . .  SFR      DATA   U_CHAR   0082H  1
SCL. . . . . . . . . . . . . . . . . .  ABSBIT   -----  BIT      0091H  1
EXEN2. . . . . . . . . . . . . . . . .  ABSBIT   -----  BIT      00CBH  1
REN. . . . . . . . . . . . . . . . . .  ABSBIT   -----  BIT      009CH  1
T2CON. . . . . . . . . . . . . . . . .  SFR      DATA   U_CHAR   00C8H  1
Apple_Logo . . . . . . . . . . . . . .  EXTERN   CODE   ARRAY    -----  -----
OLED_SCL . . . . . . . . . . . . . . .  ABSBIT   -----  BIT      00B7H  1
C51 COMPILER V9.60.0.0   MAIN                                                              03/10/2022 00:19:07 PAGE 5   

NAME                                    CLASS   MSPACE  TYPE    OFFSET  SIZE
====                                    =====   ======  ====    ======  ====


wchar_t. . . . . . . . . . . . . . . .  TYPEDEF  -----  CHAR     -----  1
_SaveData. . . . . . . . . . . . . . .  TYPEDEF  XDATA  STRUCT   -----  121
  GPS_Buffer . . . . . . . . . . . . .  MEMBER   -----  ARRAY    0000H  80
  isGetData. . . . . . . . . . . . . .  MEMBER   -----  CHAR     0050H  1
  isParseData. . . . . . . . . . . . .  MEMBER   -----  CHAR     0051H  1
  UTCTime. . . . . . . . . . . . . . .  MEMBER   -----  ARRAY    0052H  11
  latitude . . . . . . . . . . . . . .  MEMBER   -----  ARRAY    005DH  11
  N_S. . . . . . . . . . . . . . . . .  MEMBER   -----  ARRAY    0068H  2
  longitude. . . . . . . . . . . . . .  MEMBER   -----  ARRAY    006AH  12
  E_W. . . . . . . . . . . . . . . . .  MEMBER   -----  ARRAY    0076H  2
  isUsefull. . . . . . . . . . . . . .  MEMBER   -----  CHAR     0078H  1
RXD. . . . . . . . . . . . . . . . . .  ABSBIT   -----  BIT      00B0H  1
OLED_Clear . . . . . . . . . . . . . .  EXTERN   CODE   PROC     -----  -----
TXD. . . . . . . . . . . . . . . . . .  ABSBIT   -----  BIT      00B1H  1
Init_BMP280. . . . . . . . . . . . . .  EXTERN   CODE   PROC     -----  -----
F0 . . . . . . . . . . . . . . . . . .  ABSBIT   -----  BIT      00D5H  1
_OLED_DrawBMP. . . . . . . . . . . . .  EXTERN   CODE   PROC     -----  -----
PSW. . . . . . . . . . . . . . . . . .  SFR      DATA   U_CHAR   00D0H  1
key1 . . . . . . . . . . . . . . . . .  ABSBIT   -----  BIT      00B2H  1
LCD_SCLK_PIN_NUM . . . . . . . . . . .  ABSBIT   -----  BIT      0097H  1
uint32_t . . . . . . . . . . . . . . .  TYPEDEF  -----  U_LONG   -----  4
LCD_SDIN_PIN_NUM . . . . . . . . . . .  ABSBIT   -----  BIT      0096H  1


MODULE INFORMATION:   STATIC OVERLAYABLE
   CODE SIZE        =     79    ----
   CONSTANT SIZE    =   ----    ----
   XDATA SIZE       =   ----    ----
   PDATA SIZE       =   ----    ----
   DATA SIZE        =   ----    ----
   IDATA SIZE       =   ----    ----
   BIT SIZE         =   ----    ----
   EDATA SIZE       =   ----    ----
   HDATA SIZE       =   ----    ----
   XDATA CONST SIZE =   ----    ----
   FAR CONST SIZE   =   ----    ----
END OF MODULE INFORMATION.


C51 COMPILATION COMPLETE.  0 WARNING(S),  0 ERROR(S)
