C51 COMPILER V9.60.0.0   DIGITRON                                                          03/12/2022 02:55:10 PAGE 1   


C51 COMPILER V9.60.0.0, COMPILATION OF MODULE DIGITRON
OBJECT MODULE PLACED IN .\Objects\digitron.obj
COMPILER INVOKED BY: C:\Keil_v5\C51\BIN\C51.EXE Library\src\digitron.c LARGE OPTIMIZE(8,SPEED) BROWSE INCDIR(.\Library\i
                    -nc) DEBUG OBJECTEXTEND PRINT(.\Listings\digitron.lst) TABS(2) OBJECT(.\Objects\digitron.obj)

line level    source

   1          #include "digitron.h"
   2          
   3          
   4          uchar code smgduan[16]= {0x3f, 0x06, 0x5b, 0x4f,
   5                                0x66, 0x6d, 0x7d, 0x07,
   6                                0x7f, 0x6f, 0x77, 0x7c,
   7                                0x39, 0x5e, 0x79, 0x71}; //0~F数码
   8                                
   9          void DigDisplay(uchar Location,uchar Number){ //数码管显示函数
  10   1        
  11   1            switch(Location)
  12   1            {
  13   2            case 7:
  14   2                LSC = 0;LSB = 0;LSA = 0;break; //显示第1个数码管
  15   2            case 6:
  16   2                LSC = 0;LSB = 0;LSA = 1;break; //显示第2个数码管
  17   2            case 5:
  18   2                LSC = 0;LSB = 1;LSA = 0;break; //显示第3个数码管
  19   2            case 4:
  20   2                LSC = 0;LSB = 1;LSA = 1;break; //显示第4个数码管
  21   2            case 3:
  22   2                LSC = 1;LSB = 0;LSA = 0;break; //显示第5个数码管
  23   2            case 2:
  24   2                LSC = 1;LSB = 0;LSA = 1;break; //显示第6个数码管
  25   2            case 1:
  26   2                LSC = 1;LSB = 1;LSA = 0;break; //显示第7个数码管
  27   2            case 0:
  28   2              LSC = 1;LSB = 1;LSA = 1;break; //显示第8个数码管
  29   2            }
  30   1            SMG_GPIO= smgduan[Number];//显示1~8的数值
  31   1            Delay50us();           //延时，造成视觉暂留现象
  32   1            SMG_GPIO = 0x00;      //数码管消隐
  33   1      } 
  34          
  35          
  36          
  37          


MODULE INFORMATION:   STATIC OVERLAYABLE
   CODE SIZE        =     97    ----
   CONSTANT SIZE    =     16    ----
   XDATA SIZE       =   ----    ----
   PDATA SIZE       =   ----    ----
   DATA SIZE        =   ----    ----
   IDATA SIZE       =   ----    ----
   BIT SIZE         =   ----    ----
END OF MODULE INFORMATION.


C51 COMPILATION COMPLETE.  0 WARNING(S),  0 ERROR(S)
